{
  "stats": {
    "suites": 1,
    "tests": 2,
    "passes": 2,
    "pending": 0,
    "failures": 0,
    "start": "2019-10-22T14:57:51.498Z",
    "end": "2019-10-22T14:57:51.716Z",
    "duration": 218,
    "testsRegistered": 2,
    "passPercent": 100,
    "pendingPercent": 0,
    "other": 0,
    "hasOther": false,
    "skipped": 0,
    "hasSkipped": false
  },
  "results": [
    {
      "uuid": "bc5934e9-e6f7-4c14-a5e4-4d7c5b889f5c",
      "title": "",
      "fullFile": "",
      "file": "",
      "beforeHooks": [],
      "afterHooks": [],
      "tests": [],
      "suites": [
        {
          "uuid": "388ec582-a13e-4757-88b1-58696d9ea83c",
          "title": "Get Users by id",
          "fullFile": "C:\\trainings\\JS-and-Selenium\\tasks\\web-services\\test\\add.js",
          "file": "\\test\\add.js",
          "beforeHooks": [
            {
              "title": "\"before all\" hook",
              "fullTitle": "Get Users by id \"before all\" hook",
              "timedOut": false,
              "duration": 181,
              "state": null,
              "speed": null,
              "pass": false,
              "fail": false,
              "pending": false,
              "context": null,
              "code": "data.uri = env.uri + data.uri;\nres = await fetch(data.uri);\n// response = await sendRequest(data);",
              "err": {},
              "uuid": "a7b94e03-485a-4f76-a7e4-ad67a5627c11",
              "parentUUID": "388ec582-a13e-4757-88b1-58696d9ea83c",
              "isHook": true,
              "skipped": false
            }
          ],
          "afterHooks": [],
          "tests": [
            {
              "title": "Verifying response status 200 ",
              "fullTitle": "Get Users by id Verifying response status 200 ",
              "timedOut": false,
              "duration": 2,
              "state": "passed",
              "speed": "fast",
              "pass": true,
              "fail": false,
              "pending": false,
              "context": null,
              "code": "expect(res.status).to.eql(200);",
              "err": {},
              "uuid": "abdf850f-c0fe-47b1-bd32-e7cdb1380164",
              "parentUUID": "388ec582-a13e-4757-88b1-58696d9ea83c",
              "isHook": false,
              "skipped": false
            },
            {
              "title": "Verifying response headers ",
              "fullTitle": "Get Users by id Verifying response headers ",
              "timedOut": false,
              "duration": 16,
              "state": "passed",
              "speed": "fast",
              "pass": true,
              "fail": false,
              "pending": false,
              "context": null,
              "code": "console.log(res.headers);\n// const res = await fetch(data.uri);\n// expect(res.headers).to.eql(200);",
              "err": {},
              "uuid": "6d727a5b-055a-4a3a-a8e7-c1f9cecf99da",
              "parentUUID": "388ec582-a13e-4757-88b1-58696d9ea83c",
              "isHook": false,
              "skipped": false
            }
          ],
          "suites": [],
          "passes": [
            "abdf850f-c0fe-47b1-bd32-e7cdb1380164",
            "6d727a5b-055a-4a3a-a8e7-c1f9cecf99da"
          ],
          "failures": [],
          "pending": [],
          "skipped": [],
          "duration": 18,
          "root": false,
          "rootEmpty": false,
          "_timeout": 1000
        }
      ],
      "passes": [],
      "failures": [],
      "pending": [],
      "skipped": [],
      "duration": 0,
      "root": true,
      "rootEmpty": true,
      "_timeout": 1000
    }
  ],
  "meta": {
    "mocha": {
      "version": "6.2.2"
    },
    "mochawesome": {
      "options": {
        "quiet": false,
        "reportFilename": "serviceTests",
        "saveHtml": true,
        "saveJson": true,
        "consoleReporter": "spec",
        "useInlineDiffs": false
      },
      "version": "4.1.0"
    },
    "marge": {
      "options": {
        "reporterDir": "reports",
        "reportFilename": "serviceTests"
      },
      "version": "4.0.1"
    }
  }
}